<?xml version="1.0" encoding="UTF-8"?>
<!-- Generated by org.testng.reporters.JUnitXMLReporter -->
<testsuite ignored="1" hostname="LAPTOP-A31ORA8J" failures="0" tests="1" name="Default test" time="2.038" errors="0" timestamp="2023-05-13T11:34:51 PDT">
  <testcase classname="com.herokuapp.restfulbooker.CreateBookingTest" name="createBookingWithPOJOTest" time="1.621"/>
  <testcase classname="com.herokuapp.restfulbooker.CreateBookingTest" name="createBookingTest" time="0.0">
    <ignored/>
  </testcase> <!-- createBookingTest -->
</testsuite> <!-- Default test -->
